<?xml version="1.0" encoding="UTF-8"?>
<testsuite xmlns:xsi="http://www.w3.org/2001/XMLSchema-instance" xsi:noNamespaceSchemaLocation="https://maven.apache.org/surefire/maven-surefire-plugin/xsd/surefire-test-report.xsd" name="updateuser.UpdateUserParmTest" time="2.124" tests="3" errors="0" skipped="0" failures="0">
  <properties>
[...]
</properties>
  <testcase name="update[0]" classname="updateuser.UpdateUserParmTest" time="0.646"/>
  <testcase name="update[1]" classname="updateuser.UpdateUserParmTest" time="0.658"/>
  <testcase name="update[2]" classname="updateuser.UpdateUserParmTest" time="0.811"/>
</testsuite>